<?xml version="1.0" encoding="UTF-8"?>
<testsuite name="nurisezgin.com.retrofiterror.DefaultErrorAdapterTest" tests="3" skipped="0" failures="0" errors="0" timestamp="2018-07-28T21:45:08" hostname="nuris-MacBook-Pro.local" time="0.383">
  <properties/>
  <testcase name="should_NullThrowableReturnUnknownErrorCorrect" classname="nurisezgin.com.retrofiterror.DefaultErrorAdapterTest" time="0.332"/>
  <testcase name="should_EmptyCallObjectFireCorrect" classname="nurisezgin.com.retrofiterror.DefaultErrorAdapterTest" time="0.051"/>
  <testcase name="should_EmptyAnnotationsFireExceptionCorrect" classname="nurisezgin.com.retrofiterror.DefaultErrorAdapterTest" time="0.0"/>
  <system-out><![CDATA[]]></system-out>
  <system-err><![CDATA[]]></system-err>
</testsuite>
